DEBUG - 2025-02-10 03:54:15 --> Session: Class initialized using 'CodeIgniter\Session\Handlers\FileHandler' driver.
WARNING - 2025-02-10 03:54:19 --> [DEPRECATED] urldecode(): Passing null to parameter #1 ($string) of type string is deprecated in APPPATH\Controllers\Home.php on line 28.
 1 APPPATH\Controllers\Home.php(28): urldecode(null)
 2 SYSTEMPATH\CodeIgniter.php(933): App\Controllers\Home->tanaman()
 3 SYSTEMPATH\CodeIgniter.php(509): CodeIgniter\CodeIgniter->runController(Object(App\Controllers\Home))
 4 SYSTEMPATH\CodeIgniter.php(355): CodeIgniter\CodeIgniter->handleRequest(null, Object(Config\Cache), false)
 5 SYSTEMPATH\Boot.php(334): CodeIgniter\CodeIgniter->run()
 6 SYSTEMPATH\Boot.php(67): CodeIgniter\Boot::runCodeIgniter(Object(CodeIgniter\CodeIgniter))
 7 FCPATH\index.php(56): CodeIgniter\Boot::bootWeb(Object(Config\Paths))
ERROR - 2025-02-10 03:54:19 --> mysqli_sql_exception: Table 'portalsayur.komentar' doesn't exist in C:\xampp_8\htdocs\portalsayur\vendor\codeigniter4\framework\system\Database\MySQLi\Connection.php:312
Stack trace:
#0 C:\xampp_8\htdocs\portalsayur\vendor\codeigniter4\framework\system\Database\MySQLi\Connection.php(312): mysqli->query('SELECT `tanaman...', 0)
#1 C:\xampp_8\htdocs\portalsayur\vendor\codeigniter4\framework\system\Database\BaseConnection.php(734): CodeIgniter\Database\MySQLi\Connection->execute('SELECT `tanaman...')
#2 C:\xampp_8\htdocs\portalsayur\vendor\codeigniter4\framework\system\Database\BaseConnection.php(648): CodeIgniter\Database\BaseConnection->simpleQuery('SELECT `tanaman...')
#3 C:\xampp_8\htdocs\portalsayur\vendor\codeigniter4\framework\system\Database\BaseBuilder.php(1644): CodeIgniter\Database\BaseConnection->query('SELECT `tanaman...', Array, false)
#4 C:\xampp_8\htdocs\portalsayur\vendor\codeigniter4\framework\system\Model.php(213): CodeIgniter\Database\BaseBuilder->get()
#5 C:\xampp_8\htdocs\portalsayur\vendor\codeigniter4\framework\system\BaseModel.php(609): CodeIgniter\Model->doFind(false, NULL)
#6 C:\xampp_8\htdocs\portalsayur\app\Models\TanamanModel.php(86): CodeIgniter\BaseModel->find()
#7 C:\xampp_8\htdocs\portalsayur\app\Controllers\Home.php(28): App\Models\TanamanModel->search('')
#8 C:\xampp_8\htdocs\portalsayur\vendor\codeigniter4\framework\system\CodeIgniter.php(933): App\Controllers\Home->tanaman()
#9 C:\xampp_8\htdocs\portalsayur\vendor\codeigniter4\framework\system\CodeIgniter.php(509): CodeIgniter\CodeIgniter->runController(Object(App\Controllers\Home))
#10 C:\xampp_8\htdocs\portalsayur\vendor\codeigniter4\framework\system\CodeIgniter.php(355): CodeIgniter\CodeIgniter->handleRequest(NULL, Object(Config\Cache), false)
#11 C:\xampp_8\htdocs\portalsayur\vendor\codeigniter4\framework\system\Boot.php(334): CodeIgniter\CodeIgniter->run()
#12 C:\xampp_8\htdocs\portalsayur\vendor\codeigniter4\framework\system\Boot.php(67): CodeIgniter\Boot::runCodeIgniter(Object(CodeIgniter\CodeIgniter))
#13 C:\xampp_8\htdocs\portalsayur\index.php(56): CodeIgniter\Boot::bootWeb(Object(Config\Paths))
#14 {main}
CRITICAL - 2025-02-10 03:54:19 --> CodeIgniter\Database\Exceptions\DatabaseException: Table 'portalsayur.komentar' doesn't exist
[Method: GET, Route: tanaman]
in SYSTEMPATH\Database\BaseConnection.php on line 688.
 1 SYSTEMPATH\Database\BaseBuilder.php(1644): CodeIgniter\Database\BaseConnection->query('SELECT `tanaman`.*, `petani`.*, count(komentar.komentar_id) as jumlahkomentar
FROM `tanaman`
LEFT JOIN `petani` ON `petani`.`petani_id` = `tanaman`.`petani_id`
LEFT JOIN `komentar` ON `komentar`.`tanaman_id` = `tanaman`.`tanaman_id`
GROUP BY `transaksi`.`transaksi_id`', [], false)
 2 SYSTEMPATH\Model.php(213): CodeIgniter\Database\BaseBuilder->get()
 3 SYSTEMPATH\BaseModel.php(609): CodeIgniter\Model->doFind(false, null)
 4 APPPATH\Models\TanamanModel.php(86): CodeIgniter\BaseModel->find()
 5 APPPATH\Controllers\Home.php(28): App\Models\TanamanModel->search('')
 6 SYSTEMPATH\CodeIgniter.php(933): App\Controllers\Home->tanaman()
 7 SYSTEMPATH\CodeIgniter.php(509): CodeIgniter\CodeIgniter->runController(Object(App\Controllers\Home))
 8 SYSTEMPATH\CodeIgniter.php(355): CodeIgniter\CodeIgniter->handleRequest(null, Object(Config\Cache), false)
 9 SYSTEMPATH\Boot.php(334): CodeIgniter\CodeIgniter->run()
10 SYSTEMPATH\Boot.php(67): CodeIgniter\Boot::runCodeIgniter(Object(CodeIgniter\CodeIgniter))
11 FCPATH\index.php(56): CodeIgniter\Boot::bootWeb(Object(Config\Paths))
CRITICAL - 2025-02-10 03:54:19 --> [Caused by] CodeIgniter\Database\Exceptions\DatabaseException: Table 'portalsayur.komentar' doesn't exist
in SYSTEMPATH\Database\MySQLi\Connection.php on line 317.
 1 SYSTEMPATH\Database\BaseConnection.php(734): CodeIgniter\Database\MySQLi\Connection->execute('SELECT `tanaman`.*, `petani`.*, count(komentar.komentar_id) as jumlahkomentar
FROM `tanaman`
LEFT JOIN `petani` ON `petani`.`petani_id` = `tanaman`.`petani_id`
LEFT JOIN `komentar` ON `komentar`.`tanaman_id` = `tanaman`.`tanaman_id`
GROUP BY `transaksi`.`transaksi_id`')
 2 SYSTEMPATH\Database\BaseConnection.php(648): CodeIgniter\Database\BaseConnection->simpleQuery('SELECT `tanaman`.*, `petani`.*, count(komentar.komentar_id) as jumlahkomentar
FROM `tanaman`
LEFT JOIN `petani` ON `petani`.`petani_id` = `tanaman`.`petani_id`
LEFT JOIN `komentar` ON `komentar`.`tanaman_id` = `tanaman`.`tanaman_id`
GROUP BY `transaksi`.`transaksi_id`')
 3 SYSTEMPATH\Database\BaseBuilder.php(1644): CodeIgniter\Database\BaseConnection->query('SELECT `tanaman`.*, `petani`.*, count(komentar.komentar_id) as jumlahkomentar
FROM `tanaman`
LEFT JOIN `petani` ON `petani`.`petani_id` = `tanaman`.`petani_id`
LEFT JOIN `komentar` ON `komentar`.`tanaman_id` = `tanaman`.`tanaman_id`
GROUP BY `transaksi`.`transaksi_id`', [], false)
 4 SYSTEMPATH\Model.php(213): CodeIgniter\Database\BaseBuilder->get()
 5 SYSTEMPATH\BaseModel.php(609): CodeIgniter\Model->doFind(false, null)
 6 APPPATH\Models\TanamanModel.php(86): CodeIgniter\BaseModel->find()
 7 APPPATH\Controllers\Home.php(28): App\Models\TanamanModel->search('')
 8 SYSTEMPATH\CodeIgniter.php(933): App\Controllers\Home->tanaman()
 9 SYSTEMPATH\CodeIgniter.php(509): CodeIgniter\CodeIgniter->runController(Object(App\Controllers\Home))
10 SYSTEMPATH\CodeIgniter.php(355): CodeIgniter\CodeIgniter->handleRequest(null, Object(Config\Cache), false)
11 SYSTEMPATH\Boot.php(334): CodeIgniter\CodeIgniter->run()
12 SYSTEMPATH\Boot.php(67): CodeIgniter\Boot::runCodeIgniter(Object(CodeIgniter\CodeIgniter))
13 FCPATH\index.php(56): CodeIgniter\Boot::bootWeb(Object(Config\Paths))
CRITICAL - 2025-02-10 03:54:19 --> [Caused by] mysqli_sql_exception: Table 'portalsayur.komentar' doesn't exist
in SYSTEMPATH\Database\MySQLi\Connection.php on line 312.
 1 SYSTEMPATH\Database\MySQLi\Connection.php(312): mysqli->query('SELECT `tanaman`.*, `petani`.*, count(komentar.komentar_id) as jumlahkomentar
FROM `tanaman`
LEFT JOIN `petani` ON `petani`.`petani_id` = `tanaman`.`petani_id`
LEFT JOIN `komentar` ON `komentar`.`tanaman_id` = `tanaman`.`tanaman_id`
GROUP BY `transaksi`.`transaksi_id`', 0)
 2 SYSTEMPATH\Database\BaseConnection.php(734): CodeIgniter\Database\MySQLi\Connection->execute('SELECT `tanaman`.*, `petani`.*, count(komentar.komentar_id) as jumlahkomentar
FROM `tanaman`
LEFT JOIN `petani` ON `petani`.`petani_id` = `tanaman`.`petani_id`
LEFT JOIN `komentar` ON `komentar`.`tanaman_id` = `tanaman`.`tanaman_id`
GROUP BY `transaksi`.`transaksi_id`')
 3 SYSTEMPATH\Database\BaseConnection.php(648): CodeIgniter\Database\BaseConnection->simpleQuery('SELECT `tanaman`.*, `petani`.*, count(komentar.komentar_id) as jumlahkomentar
FROM `tanaman`
LEFT JOIN `petani` ON `petani`.`petani_id` = `tanaman`.`petani_id`
LEFT JOIN `komentar` ON `komentar`.`tanaman_id` = `tanaman`.`tanaman_id`
GROUP BY `transaksi`.`transaksi_id`')
 4 SYSTEMPATH\Database\BaseBuilder.php(1644): CodeIgniter\Database\BaseConnection->query('SELECT `tanaman`.*, `petani`.*, count(komentar.komentar_id) as jumlahkomentar
FROM `tanaman`
LEFT JOIN `petani` ON `petani`.`petani_id` = `tanaman`.`petani_id`
LEFT JOIN `komentar` ON `komentar`.`tanaman_id` = `tanaman`.`tanaman_id`
GROUP BY `transaksi`.`transaksi_id`', [], false)
 5 SYSTEMPATH\Model.php(213): CodeIgniter\Database\BaseBuilder->get()
 6 SYSTEMPATH\BaseModel.php(609): CodeIgniter\Model->doFind(false, null)
 7 APPPATH\Models\TanamanModel.php(86): CodeIgniter\BaseModel->find()
 8 APPPATH\Controllers\Home.php(28): App\Models\TanamanModel->search('')
 9 SYSTEMPATH\CodeIgniter.php(933): App\Controllers\Home->tanaman()
10 SYSTEMPATH\CodeIgniter.php(509): CodeIgniter\CodeIgniter->runController(Object(App\Controllers\Home))
11 SYSTEMPATH\CodeIgniter.php(355): CodeIgniter\CodeIgniter->handleRequest(null, Object(Config\Cache), false)
12 SYSTEMPATH\Boot.php(334): CodeIgniter\CodeIgniter->run()
13 SYSTEMPATH\Boot.php(67): CodeIgniter\Boot::runCodeIgniter(Object(CodeIgniter\CodeIgniter))
14 FCPATH\index.php(56): CodeIgniter\Boot::bootWeb(Object(Config\Paths))
ERROR - 2025-02-10 03:54:31 --> mysqli_sql_exception: Table 'user' already exists in C:\xampp_8\htdocs\portalsayur\vendor\codeigniter4\framework\system\Database\MySQLi\Connection.php:312
Stack trace:
#0 C:\xampp_8\htdocs\portalsayur\vendor\codeigniter4\framework\system\Database\MySQLi\Connection.php(312): mysqli->query('CREATE TABLE `u...', 0)
#1 C:\xampp_8\htdocs\portalsayur\vendor\codeigniter4\framework\system\Database\BaseConnection.php(734): CodeIgniter\Database\MySQLi\Connection->execute('CREATE TABLE `u...')
#2 C:\xampp_8\htdocs\portalsayur\vendor\codeigniter4\framework\system\Database\BaseConnection.php(648): CodeIgniter\Database\BaseConnection->simpleQuery('CREATE TABLE `u...')
#3 C:\xampp_8\htdocs\portalsayur\vendor\codeigniter4\framework\system\Database\Forge.php(570): CodeIgniter\Database\BaseConnection->query('CREATE TABLE `u...')
#4 C:\xampp_8\htdocs\portalsayur\app\Database\Migrations\2022-12-29-091220_CreateTableUser.php(31): CodeIgniter\Database\Forge->createTable('user')
#5 C:\xampp_8\htdocs\portalsayur\vendor\codeigniter4\framework\system\Database\MigrationRunner.php(866): App\Database\Migrations\CreateTableUser->up()
#6 C:\xampp_8\htdocs\portalsayur\vendor\codeigniter4\framework\system\Database\MigrationRunner.php(182): CodeIgniter\Database\MigrationRunner->migrate('up', Object(stdClass))
#7 C:\xampp_8\htdocs\portalsayur\vendor\codeigniter4\framework\system\Commands\Database\Migrate.php(85): CodeIgniter\Database\MigrationRunner->latest(NULL)
#8 C:\xampp_8\htdocs\portalsayur\vendor\codeigniter4\framework\system\CLI\Commands.php(70): CodeIgniter\Commands\Database\Migrate->run(Array)
#9 C:\xampp_8\htdocs\portalsayur\vendor\codeigniter4\framework\system\CLI\Console.php(48): CodeIgniter\CLI\Commands->run('migrate', Array)
#10 C:\xampp_8\htdocs\portalsayur\vendor\codeigniter4\framework\system\Boot.php(360): CodeIgniter\CLI\Console->run()
#11 C:\xampp_8\htdocs\portalsayur\vendor\codeigniter4\framework\system\Boot.php(104): CodeIgniter\Boot::runCommand(Object(CodeIgniter\CLI\Console))
#12 C:\xampp_8\htdocs\portalsayur\spark(84): CodeIgniter\Boot::bootSpark(Object(Config\Paths))
#13 {main}
ERROR - 2025-02-10 03:55:02 --> mysqli_sql_exception: You have an error in your SQL syntax; check the manual that corresponds to your MariaDB server version for the right syntax to use near '()
) DEFAULT CHARACTER SET = utf8mb4 COLLATE = utf8mb4_general_ci' at line 9 in C:\xampp_8\htdocs\portalsayur\vendor\codeigniter4\framework\system\Database\MySQLi\Connection.php:312
Stack trace:
#0 C:\xampp_8\htdocs\portalsayur\vendor\codeigniter4\framework\system\Database\MySQLi\Connection.php(312): mysqli->query('CREATE TABLE `k...', 0)
#1 C:\xampp_8\htdocs\portalsayur\vendor\codeigniter4\framework\system\Database\BaseConnection.php(734): CodeIgniter\Database\MySQLi\Connection->execute('CREATE TABLE `k...')
#2 C:\xampp_8\htdocs\portalsayur\vendor\codeigniter4\framework\system\Database\BaseConnection.php(648): CodeIgniter\Database\BaseConnection->simpleQuery('CREATE TABLE `k...')
#3 C:\xampp_8\htdocs\portalsayur\vendor\codeigniter4\framework\system\Database\Forge.php(570): CodeIgniter\Database\BaseConnection->query('CREATE TABLE `k...')
#4 C:\xampp_8\htdocs\portalsayur\app\Database\Migrations\2025-02-10-033220_Createkomentar.php(40): CodeIgniter\Database\Forge->createTable('komentar')
#5 C:\xampp_8\htdocs\portalsayur\vendor\codeigniter4\framework\system\Database\MigrationRunner.php(866): App\Database\Migrations\Createkomentar->up()
#6 C:\xampp_8\htdocs\portalsayur\vendor\codeigniter4\framework\system\Database\MigrationRunner.php(182): CodeIgniter\Database\MigrationRunner->migrate('up', Object(stdClass))
#7 C:\xampp_8\htdocs\portalsayur\vendor\codeigniter4\framework\system\Commands\Database\Migrate.php(85): CodeIgniter\Database\MigrationRunner->latest(NULL)
#8 C:\xampp_8\htdocs\portalsayur\vendor\codeigniter4\framework\system\CLI\Commands.php(70): CodeIgniter\Commands\Database\Migrate->run(Array)
#9 C:\xampp_8\htdocs\portalsayur\vendor\codeigniter4\framework\system\CLI\Console.php(48): CodeIgniter\CLI\Commands->run('migrate', Array)
#10 C:\xampp_8\htdocs\portalsayur\vendor\codeigniter4\framework\system\Boot.php(360): CodeIgniter\CLI\Console->run()
#11 C:\xampp_8\htdocs\portalsayur\vendor\codeigniter4\framework\system\Boot.php(104): CodeIgniter\Boot::runCommand(Object(CodeIgniter\CLI\Console))
#12 C:\xampp_8\htdocs\portalsayur\spark(84): CodeIgniter\Boot::bootSpark(Object(Config\Paths))
#13 {main}
ERROR - 2025-02-10 03:56:01 --> mysqli_sql_exception: Can't create table `portalsayur`.`komentar` (errno: 150 "Foreign key constraint is incorrectly formed") in C:\xampp_8\htdocs\portalsayur\vendor\codeigniter4\framework\system\Database\MySQLi\Connection.php:312
Stack trace:
#0 C:\xampp_8\htdocs\portalsayur\vendor\codeigniter4\framework\system\Database\MySQLi\Connection.php(312): mysqli->query('CREATE TABLE `k...', 0)
#1 C:\xampp_8\htdocs\portalsayur\vendor\codeigniter4\framework\system\Database\BaseConnection.php(734): CodeIgniter\Database\MySQLi\Connection->execute('CREATE TABLE `k...')
#2 C:\xampp_8\htdocs\portalsayur\vendor\codeigniter4\framework\system\Database\BaseConnection.php(648): CodeIgniter\Database\BaseConnection->simpleQuery('CREATE TABLE `k...')
#3 C:\xampp_8\htdocs\portalsayur\vendor\codeigniter4\framework\system\Database\Forge.php(570): CodeIgniter\Database\BaseConnection->query('CREATE TABLE `k...')
#4 C:\xampp_8\htdocs\portalsayur\app\Database\Migrations\2025-02-10-033220_Createkomentar.php(40): CodeIgniter\Database\Forge->createTable('komentar')
#5 C:\xampp_8\htdocs\portalsayur\vendor\codeigniter4\framework\system\Database\MigrationRunner.php(866): App\Database\Migrations\Createkomentar->up()
#6 C:\xampp_8\htdocs\portalsayur\vendor\codeigniter4\framework\system\Database\MigrationRunner.php(182): CodeIgniter\Database\MigrationRunner->migrate('up', Object(stdClass))
#7 C:\xampp_8\htdocs\portalsayur\vendor\codeigniter4\framework\system\Commands\Database\Migrate.php(85): CodeIgniter\Database\MigrationRunner->latest(NULL)
#8 C:\xampp_8\htdocs\portalsayur\vendor\codeigniter4\framework\system\CLI\Commands.php(70): CodeIgniter\Commands\Database\Migrate->run(Array)
#9 C:\xampp_8\htdocs\portalsayur\vendor\codeigniter4\framework\system\CLI\Console.php(48): CodeIgniter\CLI\Commands->run('migrate', Array)
#10 C:\xampp_8\htdocs\portalsayur\vendor\codeigniter4\framework\system\Boot.php(360): CodeIgniter\CLI\Console->run()
#11 C:\xampp_8\htdocs\portalsayur\vendor\codeigniter4\framework\system\Boot.php(104): CodeIgniter\Boot::runCommand(Object(CodeIgniter\CLI\Console))
#12 C:\xampp_8\htdocs\portalsayur\spark(84): CodeIgniter\Boot::bootSpark(Object(Config\Paths))
#13 {main}
WARNING - 2025-02-10 04:01:53 --> [DEPRECATED] urldecode(): Passing null to parameter #1 ($string) of type string is deprecated in APPPATH\Controllers\Home.php on line 28.
 1 APPPATH\Controllers\Home.php(28): urldecode(null)
 2 SYSTEMPATH\CodeIgniter.php(933): App\Controllers\Home->tanaman()
 3 SYSTEMPATH\CodeIgniter.php(509): CodeIgniter\CodeIgniter->runController(Object(App\Controllers\Home))
 4 SYSTEMPATH\CodeIgniter.php(355): CodeIgniter\CodeIgniter->handleRequest(null, Object(Config\Cache), false)
 5 SYSTEMPATH\Boot.php(334): CodeIgniter\CodeIgniter->run()
 6 SYSTEMPATH\Boot.php(67): CodeIgniter\Boot::runCodeIgniter(Object(CodeIgniter\CodeIgniter))
 7 FCPATH\index.php(56): CodeIgniter\Boot::bootWeb(Object(Config\Paths))
ERROR - 2025-02-10 04:01:53 --> mysqli_sql_exception: Unknown column 'transaksi.transaksi_id' in 'group statement' in C:\xampp_8\htdocs\portalsayur\vendor\codeigniter4\framework\system\Database\MySQLi\Connection.php:312
Stack trace:
#0 C:\xampp_8\htdocs\portalsayur\vendor\codeigniter4\framework\system\Database\MySQLi\Connection.php(312): mysqli->query('SELECT `tanaman...', 0)
#1 C:\xampp_8\htdocs\portalsayur\vendor\codeigniter4\framework\system\Database\BaseConnection.php(734): CodeIgniter\Database\MySQLi\Connection->execute('SELECT `tanaman...')
#2 C:\xampp_8\htdocs\portalsayur\vendor\codeigniter4\framework\system\Database\BaseConnection.php(648): CodeIgniter\Database\BaseConnection->simpleQuery('SELECT `tanaman...')
#3 C:\xampp_8\htdocs\portalsayur\vendor\codeigniter4\framework\system\Database\BaseBuilder.php(1644): CodeIgniter\Database\BaseConnection->query('SELECT `tanaman...', Array, false)
#4 C:\xampp_8\htdocs\portalsayur\vendor\codeigniter4\framework\system\Model.php(213): CodeIgniter\Database\BaseBuilder->get()
#5 C:\xampp_8\htdocs\portalsayur\vendor\codeigniter4\framework\system\BaseModel.php(609): CodeIgniter\Model->doFind(false, NULL)
#6 C:\xampp_8\htdocs\portalsayur\app\Models\TanamanModel.php(86): CodeIgniter\BaseModel->find()
#7 C:\xampp_8\htdocs\portalsayur\app\Controllers\Home.php(28): App\Models\TanamanModel->search('')
#8 C:\xampp_8\htdocs\portalsayur\vendor\codeigniter4\framework\system\CodeIgniter.php(933): App\Controllers\Home->tanaman()
#9 C:\xampp_8\htdocs\portalsayur\vendor\codeigniter4\framework\system\CodeIgniter.php(509): CodeIgniter\CodeIgniter->runController(Object(App\Controllers\Home))
#10 C:\xampp_8\htdocs\portalsayur\vendor\codeigniter4\framework\system\CodeIgniter.php(355): CodeIgniter\CodeIgniter->handleRequest(NULL, Object(Config\Cache), false)
#11 C:\xampp_8\htdocs\portalsayur\vendor\codeigniter4\framework\system\Boot.php(334): CodeIgniter\CodeIgniter->run()
#12 C:\xampp_8\htdocs\portalsayur\vendor\codeigniter4\framework\system\Boot.php(67): CodeIgniter\Boot::runCodeIgniter(Object(CodeIgniter\CodeIgniter))
#13 C:\xampp_8\htdocs\portalsayur\index.php(56): CodeIgniter\Boot::bootWeb(Object(Config\Paths))
#14 {main}
CRITICAL - 2025-02-10 04:01:53 --> CodeIgniter\Database\Exceptions\DatabaseException: Unknown column 'transaksi.transaksi_id' in 'group statement'
[Method: GET, Route: tanaman]
in SYSTEMPATH\Database\BaseConnection.php on line 688.
 1 SYSTEMPATH\Database\BaseBuilder.php(1644): CodeIgniter\Database\BaseConnection->query('SELECT `tanaman`.*, `petani`.*, count(komentar.komentar_id) as jumlahkomentar
FROM `tanaman`
LEFT JOIN `petani` ON `petani`.`petani_id` = `tanaman`.`petani_id`
LEFT JOIN `komentar` ON `komentar`.`tanaman_id` = `tanaman`.`tanaman_id`
GROUP BY `transaksi`.`transaksi_id`', [], false)
 2 SYSTEMPATH\Model.php(213): CodeIgniter\Database\BaseBuilder->get()
 3 SYSTEMPATH\BaseModel.php(609): CodeIgniter\Model->doFind(false, null)
 4 APPPATH\Models\TanamanModel.php(86): CodeIgniter\BaseModel->find()
 5 APPPATH\Controllers\Home.php(28): App\Models\TanamanModel->search('')
 6 SYSTEMPATH\CodeIgniter.php(933): App\Controllers\Home->tanaman()
 7 SYSTEMPATH\CodeIgniter.php(509): CodeIgniter\CodeIgniter->runController(Object(App\Controllers\Home))
 8 SYSTEMPATH\CodeIgniter.php(355): CodeIgniter\CodeIgniter->handleRequest(null, Object(Config\Cache), false)
 9 SYSTEMPATH\Boot.php(334): CodeIgniter\CodeIgniter->run()
10 SYSTEMPATH\Boot.php(67): CodeIgniter\Boot::runCodeIgniter(Object(CodeIgniter\CodeIgniter))
11 FCPATH\index.php(56): CodeIgniter\Boot::bootWeb(Object(Config\Paths))
CRITICAL - 2025-02-10 04:01:53 --> [Caused by] CodeIgniter\Database\Exceptions\DatabaseException: Unknown column 'transaksi.transaksi_id' in 'group statement'
in SYSTEMPATH\Database\MySQLi\Connection.php on line 317.
 1 SYSTEMPATH\Database\BaseConnection.php(734): CodeIgniter\Database\MySQLi\Connection->execute('SELECT `tanaman`.*, `petani`.*, count(komentar.komentar_id) as jumlahkomentar
FROM `tanaman`
LEFT JOIN `petani` ON `petani`.`petani_id` = `tanaman`.`petani_id`
LEFT JOIN `komentar` ON `komentar`.`tanaman_id` = `tanaman`.`tanaman_id`
GROUP BY `transaksi`.`transaksi_id`')
 2 SYSTEMPATH\Database\BaseConnection.php(648): CodeIgniter\Database\BaseConnection->simpleQuery('SELECT `tanaman`.*, `petani`.*, count(komentar.komentar_id) as jumlahkomentar
FROM `tanaman`
LEFT JOIN `petani` ON `petani`.`petani_id` = `tanaman`.`petani_id`
LEFT JOIN `komentar` ON `komentar`.`tanaman_id` = `tanaman`.`tanaman_id`
GROUP BY `transaksi`.`transaksi_id`')
 3 SYSTEMPATH\Database\BaseBuilder.php(1644): CodeIgniter\Database\BaseConnection->query('SELECT `tanaman`.*, `petani`.*, count(komentar.komentar_id) as jumlahkomentar
FROM `tanaman`
LEFT JOIN `petani` ON `petani`.`petani_id` = `tanaman`.`petani_id`
LEFT JOIN `komentar` ON `komentar`.`tanaman_id` = `tanaman`.`tanaman_id`
GROUP BY `transaksi`.`transaksi_id`', [], false)
 4 SYSTEMPATH\Model.php(213): CodeIgniter\Database\BaseBuilder->get()
 5 SYSTEMPATH\BaseModel.php(609): CodeIgniter\Model->doFind(false, null)
 6 APPPATH\Models\TanamanModel.php(86): CodeIgniter\BaseModel->find()
 7 APPPATH\Controllers\Home.php(28): App\Models\TanamanModel->search('')
 8 SYSTEMPATH\CodeIgniter.php(933): App\Controllers\Home->tanaman()
 9 SYSTEMPATH\CodeIgniter.php(509): CodeIgniter\CodeIgniter->runController(Object(App\Controllers\Home))
10 SYSTEMPATH\CodeIgniter.php(355): CodeIgniter\CodeIgniter->handleRequest(null, Object(Config\Cache), false)
11 SYSTEMPATH\Boot.php(334): CodeIgniter\CodeIgniter->run()
12 SYSTEMPATH\Boot.php(67): CodeIgniter\Boot::runCodeIgniter(Object(CodeIgniter\CodeIgniter))
13 FCPATH\index.php(56): CodeIgniter\Boot::bootWeb(Object(Config\Paths))
CRITICAL - 2025-02-10 04:01:53 --> [Caused by] mysqli_sql_exception: Unknown column 'transaksi.transaksi_id' in 'group statement'
in SYSTEMPATH\Database\MySQLi\Connection.php on line 312.
 1 SYSTEMPATH\Database\MySQLi\Connection.php(312): mysqli->query('SELECT `tanaman`.*, `petani`.*, count(komentar.komentar_id) as jumlahkomentar
FROM `tanaman`
LEFT JOIN `petani` ON `petani`.`petani_id` = `tanaman`.`petani_id`
LEFT JOIN `komentar` ON `komentar`.`tanaman_id` = `tanaman`.`tanaman_id`
GROUP BY `transaksi`.`transaksi_id`', 0)
 2 SYSTEMPATH\Database\BaseConnection.php(734): CodeIgniter\Database\MySQLi\Connection->execute('SELECT `tanaman`.*, `petani`.*, count(komentar.komentar_id) as jumlahkomentar
FROM `tanaman`
LEFT JOIN `petani` ON `petani`.`petani_id` = `tanaman`.`petani_id`
LEFT JOIN `komentar` ON `komentar`.`tanaman_id` = `tanaman`.`tanaman_id`
GROUP BY `transaksi`.`transaksi_id`')
 3 SYSTEMPATH\Database\BaseConnection.php(648): CodeIgniter\Database\BaseConnection->simpleQuery('SELECT `tanaman`.*, `petani`.*, count(komentar.komentar_id) as jumlahkomentar
FROM `tanaman`
LEFT JOIN `petani` ON `petani`.`petani_id` = `tanaman`.`petani_id`
LEFT JOIN `komentar` ON `komentar`.`tanaman_id` = `tanaman`.`tanaman_id`
GROUP BY `transaksi`.`transaksi_id`')
 4 SYSTEMPATH\Database\BaseBuilder.php(1644): CodeIgniter\Database\BaseConnection->query('SELECT `tanaman`.*, `petani`.*, count(komentar.komentar_id) as jumlahkomentar
FROM `tanaman`
LEFT JOIN `petani` ON `petani`.`petani_id` = `tanaman`.`petani_id`
LEFT JOIN `komentar` ON `komentar`.`tanaman_id` = `tanaman`.`tanaman_id`
GROUP BY `transaksi`.`transaksi_id`', [], false)
 5 SYSTEMPATH\Model.php(213): CodeIgniter\Database\BaseBuilder->get()
 6 SYSTEMPATH\BaseModel.php(609): CodeIgniter\Model->doFind(false, null)
 7 APPPATH\Models\TanamanModel.php(86): CodeIgniter\BaseModel->find()
 8 APPPATH\Controllers\Home.php(28): App\Models\TanamanModel->search('')
 9 SYSTEMPATH\CodeIgniter.php(933): App\Controllers\Home->tanaman()
10 SYSTEMPATH\CodeIgniter.php(509): CodeIgniter\CodeIgniter->runController(Object(App\Controllers\Home))
11 SYSTEMPATH\CodeIgniter.php(355): CodeIgniter\CodeIgniter->handleRequest(null, Object(Config\Cache), false)
12 SYSTEMPATH\Boot.php(334): CodeIgniter\CodeIgniter->run()
13 SYSTEMPATH\Boot.php(67): CodeIgniter\Boot::runCodeIgniter(Object(CodeIgniter\CodeIgniter))
14 FCPATH\index.php(56): CodeIgniter\Boot::bootWeb(Object(Config\Paths))
WARNING - 2025-02-10 04:02:26 --> [DEPRECATED] urldecode(): Passing null to parameter #1 ($string) of type string is deprecated in APPPATH\Controllers\Home.php on line 28.
 1 APPPATH\Controllers\Home.php(28): urldecode(null)
 2 SYSTEMPATH\CodeIgniter.php(933): App\Controllers\Home->tanaman()
 3 SYSTEMPATH\CodeIgniter.php(509): CodeIgniter\CodeIgniter->runController(Object(App\Controllers\Home))
 4 SYSTEMPATH\CodeIgniter.php(355): CodeIgniter\CodeIgniter->handleRequest(null, Object(Config\Cache), false)
 5 SYSTEMPATH\Boot.php(334): CodeIgniter\CodeIgniter->run()
 6 SYSTEMPATH\Boot.php(67): CodeIgniter\Boot::runCodeIgniter(Object(CodeIgniter\CodeIgniter))
 7 FCPATH\index.php(56): CodeIgniter\Boot::bootWeb(Object(Config\Paths))
DEBUG - 2025-02-10 04:02:26 --> Session: Class initialized using 'CodeIgniter\Session\Handlers\FileHandler' driver.
WARNING - 2025-02-10 04:04:03 --> [DEPRECATED] urldecode(): Passing null to parameter #1 ($string) of type string is deprecated in APPPATH\Controllers\Home.php on line 28.
 1 APPPATH\Controllers\Home.php(28): urldecode(null)
 2 SYSTEMPATH\CodeIgniter.php(933): App\Controllers\Home->tanaman()
 3 SYSTEMPATH\CodeIgniter.php(509): CodeIgniter\CodeIgniter->runController(Object(App\Controllers\Home))
 4 SYSTEMPATH\CodeIgniter.php(355): CodeIgniter\CodeIgniter->handleRequest(null, Object(Config\Cache), false)
 5 SYSTEMPATH\Boot.php(334): CodeIgniter\CodeIgniter->run()
 6 SYSTEMPATH\Boot.php(67): CodeIgniter\Boot::runCodeIgniter(Object(CodeIgniter\CodeIgniter))
 7 FCPATH\index.php(56): CodeIgniter\Boot::bootWeb(Object(Config\Paths))
DEBUG - 2025-02-10 04:04:03 --> Session: Class initialized using 'CodeIgniter\Session\Handlers\FileHandler' driver.
WARNING - 2025-02-10 04:04:24 --> [DEPRECATED] urldecode(): Passing null to parameter #1 ($string) of type string is deprecated in APPPATH\Controllers\Home.php on line 28.
 1 APPPATH\Controllers\Home.php(28): urldecode(null)
 2 SYSTEMPATH\CodeIgniter.php(933): App\Controllers\Home->tanaman()
 3 SYSTEMPATH\CodeIgniter.php(509): CodeIgniter\CodeIgniter->runController(Object(App\Controllers\Home))
 4 SYSTEMPATH\CodeIgniter.php(355): CodeIgniter\CodeIgniter->handleRequest(null, Object(Config\Cache), false)
 5 SYSTEMPATH\Boot.php(334): CodeIgniter\CodeIgniter->run()
 6 SYSTEMPATH\Boot.php(67): CodeIgniter\Boot::runCodeIgniter(Object(CodeIgniter\CodeIgniter))
 7 FCPATH\index.php(56): CodeIgniter\Boot::bootWeb(Object(Config\Paths))
DEBUG - 2025-02-10 04:04:24 --> Session: Class initialized using 'CodeIgniter\Session\Handlers\FileHandler' driver.
DEBUG - 2025-02-10 04:04:29 --> Session: Class initialized using 'CodeIgniter\Session\Handlers\FileHandler' driver.
DEBUG - 2025-02-10 04:11:47 --> Session: Class initialized using 'CodeIgniter\Session\Handlers\FileHandler' driver.
DEBUG - 2025-02-10 04:12:21 --> Session: Class initialized using 'CodeIgniter\Session\Handlers\FileHandler' driver.
DEBUG - 2025-02-10 04:15:12 --> Session: Class initialized using 'CodeIgniter\Session\Handlers\FileHandler' driver.
DEBUG - 2025-02-10 05:07:08 --> Session: Class initialized using 'CodeIgniter\Session\Handlers\FileHandler' driver.
DEBUG - 2025-02-10 05:07:40 --> Session: Class initialized using 'CodeIgniter\Session\Handlers\FileHandler' driver.
DEBUG - 2025-02-10 05:08:49 --> Session: Class initialized using 'CodeIgniter\Session\Handlers\FileHandler' driver.
DEBUG - 2025-02-10 05:10:48 --> Session: Class initialized using 'CodeIgniter\Session\Handlers\FileHandler' driver.
DEBUG - 2025-02-10 05:11:23 --> Session: Class initialized using 'CodeIgniter\Session\Handlers\FileHandler' driver.
DEBUG - 2025-02-10 05:11:52 --> Session: Class initialized using 'CodeIgniter\Session\Handlers\FileHandler' driver.
DEBUG - 2025-02-10 05:12:32 --> Session: Class initialized using 'CodeIgniter\Session\Handlers\FileHandler' driver.
DEBUG - 2025-02-10 05:12:43 --> Session: Class initialized using 'CodeIgniter\Session\Handlers\FileHandler' driver.
DEBUG - 2025-02-10 05:13:58 --> Session: Class initialized using 'CodeIgniter\Session\Handlers\FileHandler' driver.
DEBUG - 2025-02-10 05:14:33 --> Session: Class initialized using 'CodeIgniter\Session\Handlers\FileHandler' driver.
DEBUG - 2025-02-10 05:14:46 --> Session: Class initialized using 'CodeIgniter\Session\Handlers\FileHandler' driver.
DEBUG - 2025-02-10 05:16:58 --> Session: Class initialized using 'CodeIgniter\Session\Handlers\FileHandler' driver.
DEBUG - 2025-02-10 05:17:16 --> Session: Class initialized using 'CodeIgniter\Session\Handlers\FileHandler' driver.
DEBUG - 2025-02-10 05:17:37 --> Session: Class initialized using 'CodeIgniter\Session\Handlers\FileHandler' driver.
DEBUG - 2025-02-10 05:17:55 --> Session: Class initialized using 'CodeIgniter\Session\Handlers\FileHandler' driver.
DEBUG - 2025-02-10 05:18:05 --> Session: Class initialized using 'CodeIgniter\Session\Handlers\FileHandler' driver.
DEBUG - 2025-02-10 05:18:21 --> Session: Class initialized using 'CodeIgniter\Session\Handlers\FileHandler' driver.
DEBUG - 2025-02-10 05:19:35 --> Session: Class initialized using 'CodeIgniter\Session\Handlers\FileHandler' driver.
DEBUG - 2025-02-10 05:19:47 --> Session: Class initialized using 'CodeIgniter\Session\Handlers\FileHandler' driver.
DEBUG - 2025-02-10 05:20:02 --> Session: Class initialized using 'CodeIgniter\Session\Handlers\FileHandler' driver.
DEBUG - 2025-02-10 05:21:09 --> Session: Class initialized using 'CodeIgniter\Session\Handlers\FileHandler' driver.
DEBUG - 2025-02-10 05:21:26 --> Session: Class initialized using 'CodeIgniter\Session\Handlers\FileHandler' driver.
DEBUG - 2025-02-10 05:21:48 --> Session: Class initialized using 'CodeIgniter\Session\Handlers\FileHandler' driver.
DEBUG - 2025-02-10 05:21:59 --> Session: Class initialized using 'CodeIgniter\Session\Handlers\FileHandler' driver.
DEBUG - 2025-02-10 05:50:14 --> Session: Class initialized using 'CodeIgniter\Session\Handlers\FileHandler' driver.
CRITICAL - 2025-02-10 05:50:14 --> ErrorException: Undefined variable $komentar
[Method: GET, Route: tanaman/1]
in APPPATH\Views\tanaman_detail.php on line 54.
 1 APPPATH\Views\tanaman_detail.php(54): CodeIgniter\Debug\Exceptions->errorHandler(2, 'Undefined variable $komentar', 'C:\\xampp_8\\htdocs\\portalsayur\\app\\Views\\tanaman_detail.php', 54)
 2 SYSTEMPATH\View\View.php(234): include('C:\\xampp_8\\htdocs\\portalsayur\\app\\Views\\tanaman_detail.php')
 3 SYSTEMPATH\View\View.php(237): CodeIgniter\View\View->CodeIgniter\View\{closure}()
 4 SYSTEMPATH\Common.php(1171): CodeIgniter\View\View->render('tanaman_detail', [], true)
 5 APPPATH\Controllers\Home.php(47): view('tanaman_detail', [...])
 6 SYSTEMPATH\CodeIgniter.php(933): App\Controllers\Home->detailTanaman('1')
 7 SYSTEMPATH\CodeIgniter.php(509): CodeIgniter\CodeIgniter->runController(Object(App\Controllers\Home))
 8 SYSTEMPATH\CodeIgniter.php(355): CodeIgniter\CodeIgniter->handleRequest(null, Object(Config\Cache), false)
 9 SYSTEMPATH\Boot.php(334): CodeIgniter\CodeIgniter->run()
10 SYSTEMPATH\Boot.php(67): CodeIgniter\Boot::runCodeIgniter(Object(CodeIgniter\CodeIgniter))
11 FCPATH\index.php(56): CodeIgniter\Boot::bootWeb(Object(Config\Paths))
DEBUG - 2025-02-10 05:50:33 --> Session: Class initialized using 'CodeIgniter\Session\Handlers\FileHandler' driver.
DEBUG - 2025-02-10 05:51:47 --> Session: Class initialized using 'CodeIgniter\Session\Handlers\FileHandler' driver.
DEBUG - 2025-02-10 05:52:08 --> Session: Class initialized using 'CodeIgniter\Session\Handlers\FileHandler' driver.
DEBUG - 2025-02-10 05:54:51 --> Session: Class initialized using 'CodeIgniter\Session\Handlers\FileHandler' driver.
DEBUG - 2025-02-10 05:54:52 --> Session: Class initialized using 'CodeIgniter\Session\Handlers\FileHandler' driver.
DEBUG - 2025-02-10 05:59:53 --> Session: Class initialized using 'CodeIgniter\Session\Handlers\FileHandler' driver.
DEBUG - 2025-02-10 06:00:04 --> Session: Class initialized using 'CodeIgniter\Session\Handlers\FileHandler' driver.
DEBUG - 2025-02-10 06:00:05 --> Session: Class initialized using 'CodeIgniter\Session\Handlers\FileHandler' driver.
DEBUG - 2025-02-10 11:50:27 --> Session: Class initialized using 'CodeIgniter\Session\Handlers\FileHandler' driver.
