DEBUG - 2025-01-20 07:37:29 --> Session: Class initialized using 'CodeIgniter\Session\Handlers\FileHandler' driver.
DEBUG - 2025-01-20 07:37:33 --> Session: Class initialized using 'CodeIgniter\Session\Handlers\FileHandler' driver.
CRITICAL - 2025-01-20 07:37:34 --> ErrorException: unlink(C:\xampp_8\htdocs\portalsayur\writable\debugbar/debugbar_1737278376.590213.json): No such file or directory
[Method: GET, Route: /]
in SYSTEMPATH\Debug\Toolbar\Collectors\History.php on line 82.
 1 [internal function]: CodeIgniter\Debug\Exceptions->errorHandler(2, 'unlink(C:\\xampp_8\\htdocs\\portalsayur\\writable\\debugbar/debugbar_1737278376.590213.json): No such file or directory', 'C:\\xampp_8\\htdocs\\portalsayur\\vendor\\codeigniter4\\framework\\system\\Debug\\Toolbar\\Collectors\\History.php', 82)
 2 SYSTEMPATH\Debug\Toolbar\Collectors\History.php(82): unlink('C:\\xampp_8\\htdocs\\portalsayur\\writable\\debugbar/debugbar_1737278376.590213.json')
 3 SYSTEMPATH\Debug\Toolbar.php(519): CodeIgniter\Debug\Toolbar\Collectors\History->setFiles('1737358650.541339', 20)
 4 SYSTEMPATH\Debug\Toolbar.php(496): CodeIgniter\Debug\Toolbar->format([...], 'html')
 5 APPPATH\Config\Events.php(47): CodeIgniter\Debug\Toolbar->respond()
 6 SYSTEMPATH\Events\Events.php(155): CodeIgniter\Events\Events::Config\{closure}()
 7 SYSTEMPATH\CodeIgniter.php(340): CodeIgniter\Events\Events::trigger('pre_system')
 8 SYSTEMPATH\Boot.php(334): CodeIgniter\CodeIgniter->run()
 9 SYSTEMPATH\Boot.php(67): CodeIgniter\Boot::runCodeIgniter(Object(CodeIgniter\CodeIgniter))
10 FCPATH\index.php(56): CodeIgniter\Boot::bootWeb(Object(Config\Paths))
DEBUG - 2025-01-20 07:37:36 --> Session: Class initialized using 'CodeIgniter\Session\Handlers\FileHandler' driver.
ERROR - 2025-01-20 07:50:33 --> mysqli_sql_exception: MySQL server has gone away in C:\xampp_8\htdocs\portalsayur\vendor\codeigniter4\framework\system\Database\MySQLi\Connection.php:312
Stack trace:
#0 C:\xampp_8\htdocs\portalsayur\vendor\codeigniter4\framework\system\Database\MySQLi\Connection.php(312): mysqli->query('SELECT 1\nFROM `...', 0)
#1 C:\xampp_8\htdocs\portalsayur\vendor\codeigniter4\framework\system\Database\BaseConnection.php(734): CodeIgniter\Database\MySQLi\Connection->execute('SELECT 1\nFROM `...')
#2 C:\xampp_8\htdocs\portalsayur\vendor\codeigniter4\framework\system\Database\BaseConnection.php(648): CodeIgniter\Database\BaseConnection->simpleQuery('SELECT 1\nFROM `...')
#3 C:\xampp_8\htdocs\portalsayur\vendor\codeigniter4\framework\system\Database\BaseBuilder.php(1644): CodeIgniter\Database\BaseConnection->query('SELECT 1\nFROM `...', Array, false)
#4 C:\xampp_8\htdocs\portalsayur\vendor\codeigniter4\framework\system\Validation\StrictRules\Rules.php(232): CodeIgniter\Database\BaseBuilder->get()
#5 C:\xampp_8\htdocs\portalsayur\vendor\codeigniter4\framework\system\Validation\Validation.php(338): CodeIgniter\Validation\StrictRules\Rules->is_unique('krisanpaulino3@...', 'username', Array, NULL, 'username')
#6 C:\xampp_8\htdocs\portalsayur\vendor\codeigniter4\framework\system\Validation\Validation.php(203): CodeIgniter\Validation\Validation->processRules('username', 'username', 'krisanpaulino3@...', Array, Array, 'username')
#7 C:\xampp_8\htdocs\portalsayur\vendor\codeigniter4\framework\system\BaseModel.php(1576): CodeIgniter\Validation\Validation->run(Array, NULL, 'default')
#8 C:\xampp_8\htdocs\portalsayur\vendor\codeigniter4\framework\system\BaseModel.php(808): CodeIgniter\BaseModel->validate(Array)
#9 C:\xampp_8\htdocs\portalsayur\vendor\codeigniter4\framework\system\Model.php(800): CodeIgniter\BaseModel->insert(Array, true)
#10 C:\xampp_8\htdocs\portalsayur\app\Controllers\Petani.php(36): CodeIgniter\Model->insert(Array)
#11 C:\xampp_8\htdocs\portalsayur\vendor\codeigniter4\framework\system\CodeIgniter.php(933): App\Controllers\Petani->store()
#12 C:\xampp_8\htdocs\portalsayur\vendor\codeigniter4\framework\system\CodeIgniter.php(509): CodeIgniter\CodeIgniter->runController(Object(App\Controllers\Petani))
#13 C:\xampp_8\htdocs\portalsayur\vendor\codeigniter4\framework\system\CodeIgniter.php(355): CodeIgniter\CodeIgniter->handleRequest(NULL, Object(Config\Cache), false)
#14 C:\xampp_8\htdocs\portalsayur\vendor\codeigniter4\framework\system\Boot.php(334): CodeIgniter\CodeIgniter->run()
#15 C:\xampp_8\htdocs\portalsayur\vendor\codeigniter4\framework\system\Boot.php(67): CodeIgniter\Boot::runCodeIgniter(Object(CodeIgniter\CodeIgniter))
#16 C:\xampp_8\htdocs\portalsayur\index.php(56): CodeIgniter\Boot::bootWeb(Object(Config\Paths))
#17 {main}
CRITICAL - 2025-01-20 07:50:33 --> CodeIgniter\Database\Exceptions\DatabaseException: MySQL server has gone away
[Method: POST, Route: auth/signup]
in SYSTEMPATH\Database\BaseConnection.php on line 688.
 1 SYSTEMPATH\Database\BaseBuilder.php(1644): CodeIgniter\Database\BaseConnection->query('SELECT 1
FROM `user`
WHERE `username` = :username:
AND `user_id` != :user_id:
 LIMIT 1', [...], false)
 2 SYSTEMPATH\Validation\StrictRules\Rules.php(232): CodeIgniter\Database\BaseBuilder->get()
 3 SYSTEMPATH\Validation\Validation.php(338): CodeIgniter\Validation\StrictRules\Rules->is_unique('krisanpaulino3@gmail.com', 'username', [...], null, 'username')
 4 SYSTEMPATH\Validation\Validation.php(203): CodeIgniter\Validation\Validation->processRules('username', 'username', 'krisanpaulino3@gmail.com', [...], [...], 'username')
 5 SYSTEMPATH\BaseModel.php(1576): CodeIgniter\Validation\Validation->run([...], null, 'default')
 6 SYSTEMPATH\BaseModel.php(808): CodeIgniter\BaseModel->validate([...])
 7 SYSTEMPATH\Model.php(800): CodeIgniter\BaseModel->insert([...], true)
 8 APPPATH\Controllers\Petani.php(36): CodeIgniter\Model->insert([...])
 9 SYSTEMPATH\CodeIgniter.php(933): App\Controllers\Petani->store()
10 SYSTEMPATH\CodeIgniter.php(509): CodeIgniter\CodeIgniter->runController(Object(App\Controllers\Petani))
11 SYSTEMPATH\CodeIgniter.php(355): CodeIgniter\CodeIgniter->handleRequest(null, Object(Config\Cache), false)
12 SYSTEMPATH\Boot.php(334): CodeIgniter\CodeIgniter->run()
13 SYSTEMPATH\Boot.php(67): CodeIgniter\Boot::runCodeIgniter(Object(CodeIgniter\CodeIgniter))
14 FCPATH\index.php(56): CodeIgniter\Boot::bootWeb(Object(Config\Paths))
CRITICAL - 2025-01-20 07:50:33 --> [Caused by] CodeIgniter\Database\Exceptions\DatabaseException: MySQL server has gone away
in SYSTEMPATH\Database\MySQLi\Connection.php on line 317.
 1 SYSTEMPATH\Database\BaseConnection.php(734): CodeIgniter\Database\MySQLi\Connection->execute('SELECT 1
FROM `user`
WHERE `username` = \'krisanpaulino3@gmail.com\'
AND `user_id` != \' {user_id}\'
 LIMIT 1')
 2 SYSTEMPATH\Database\BaseConnection.php(648): CodeIgniter\Database\BaseConnection->simpleQuery('SELECT 1
FROM `user`
WHERE `username` = \'krisanpaulino3@gmail.com\'
AND `user_id` != \' {user_id}\'
 LIMIT 1')
 3 SYSTEMPATH\Database\BaseBuilder.php(1644): CodeIgniter\Database\BaseConnection->query('SELECT 1
FROM `user`
WHERE `username` = :username:
AND `user_id` != :user_id:
 LIMIT 1', [...], false)
 4 SYSTEMPATH\Validation\StrictRules\Rules.php(232): CodeIgniter\Database\BaseBuilder->get()
 5 SYSTEMPATH\Validation\Validation.php(338): CodeIgniter\Validation\StrictRules\Rules->is_unique('krisanpaulino3@gmail.com', 'username', [...], null, 'username')
 6 SYSTEMPATH\Validation\Validation.php(203): CodeIgniter\Validation\Validation->processRules('username', 'username', 'krisanpaulino3@gmail.com', [...], [...], 'username')
 7 SYSTEMPATH\BaseModel.php(1576): CodeIgniter\Validation\Validation->run([...], null, 'default')
 8 SYSTEMPATH\BaseModel.php(808): CodeIgniter\BaseModel->validate([...])
 9 SYSTEMPATH\Model.php(800): CodeIgniter\BaseModel->insert([...], true)
10 APPPATH\Controllers\Petani.php(36): CodeIgniter\Model->insert([...])
11 SYSTEMPATH\CodeIgniter.php(933): App\Controllers\Petani->store()
12 SYSTEMPATH\CodeIgniter.php(509): CodeIgniter\CodeIgniter->runController(Object(App\Controllers\Petani))
13 SYSTEMPATH\CodeIgniter.php(355): CodeIgniter\CodeIgniter->handleRequest(null, Object(Config\Cache), false)
14 SYSTEMPATH\Boot.php(334): CodeIgniter\CodeIgniter->run()
15 SYSTEMPATH\Boot.php(67): CodeIgniter\Boot::runCodeIgniter(Object(CodeIgniter\CodeIgniter))
16 FCPATH\index.php(56): CodeIgniter\Boot::bootWeb(Object(Config\Paths))
CRITICAL - 2025-01-20 07:50:33 --> [Caused by] mysqli_sql_exception: MySQL server has gone away
in SYSTEMPATH\Database\MySQLi\Connection.php on line 312.
 1 SYSTEMPATH\Database\MySQLi\Connection.php(312): mysqli->query('SELECT 1
FROM `user`
WHERE `username` = \'krisanpaulino3@gmail.com\'
AND `user_id` != \' {user_id}\'
 LIMIT 1', 0)
 2 SYSTEMPATH\Database\BaseConnection.php(734): CodeIgniter\Database\MySQLi\Connection->execute('SELECT 1
FROM `user`
WHERE `username` = \'krisanpaulino3@gmail.com\'
AND `user_id` != \' {user_id}\'
 LIMIT 1')
 3 SYSTEMPATH\Database\BaseConnection.php(648): CodeIgniter\Database\BaseConnection->simpleQuery('SELECT 1
FROM `user`
WHERE `username` = \'krisanpaulino3@gmail.com\'
AND `user_id` != \' {user_id}\'
 LIMIT 1')
 4 SYSTEMPATH\Database\BaseBuilder.php(1644): CodeIgniter\Database\BaseConnection->query('SELECT 1
FROM `user`
WHERE `username` = :username:
AND `user_id` != :user_id:
 LIMIT 1', [...], false)
 5 SYSTEMPATH\Validation\StrictRules\Rules.php(232): CodeIgniter\Database\BaseBuilder->get()
 6 SYSTEMPATH\Validation\Validation.php(338): CodeIgniter\Validation\StrictRules\Rules->is_unique('krisanpaulino3@gmail.com', 'username', [...], null, 'username')
 7 SYSTEMPATH\Validation\Validation.php(203): CodeIgniter\Validation\Validation->processRules('username', 'username', 'krisanpaulino3@gmail.com', [...], [...], 'username')
 8 SYSTEMPATH\BaseModel.php(1576): CodeIgniter\Validation\Validation->run([...], null, 'default')
 9 SYSTEMPATH\BaseModel.php(808): CodeIgniter\BaseModel->validate([...])
10 SYSTEMPATH\Model.php(800): CodeIgniter\BaseModel->insert([...], true)
11 APPPATH\Controllers\Petani.php(36): CodeIgniter\Model->insert([...])
12 SYSTEMPATH\CodeIgniter.php(933): App\Controllers\Petani->store()
13 SYSTEMPATH\CodeIgniter.php(509): CodeIgniter\CodeIgniter->runController(Object(App\Controllers\Petani))
14 SYSTEMPATH\CodeIgniter.php(355): CodeIgniter\CodeIgniter->handleRequest(null, Object(Config\Cache), false)
15 SYSTEMPATH\Boot.php(334): CodeIgniter\CodeIgniter->run()
16 SYSTEMPATH\Boot.php(67): CodeIgniter\Boot::runCodeIgniter(Object(CodeIgniter\CodeIgniter))
17 FCPATH\index.php(56): CodeIgniter\Boot::bootWeb(Object(Config\Paths))
DEBUG - 2025-01-20 07:50:46 --> Session: Class initialized using 'CodeIgniter\Session\Handlers\FileHandler' driver.
DEBUG - 2025-01-20 07:50:46 --> Session: Class initialized using 'CodeIgniter\Session\Handlers\FileHandler' driver.
DEBUG - 2025-01-20 07:50:51 --> Session: Class initialized using 'CodeIgniter\Session\Handlers\FileHandler' driver.
DEBUG - 2025-01-20 07:50:51 --> Session: Class initialized using 'CodeIgniter\Session\Handlers\FileHandler' driver.
DEBUG - 2025-01-20 07:50:55 --> Session: Class initialized using 'CodeIgniter\Session\Handlers\FileHandler' driver.
DEBUG - 2025-01-20 07:50:55 --> Session: Class initialized using 'CodeIgniter\Session\Handlers\FileHandler' driver.
